<?xml version="1.0" encoding="UTF-8"?>
<!-- Generated by org.testng.reporters.JUnitXMLReporter -->
<testsuite ignored="0" hostname="DESKTOP-MP7VO84" failures="0" tests="5" name="Default test" time="10.494" errors="0" timestamp="2024-06-15T01:12:30 IST">
  <testcase classname="com.saucedemo.test.Tests" name="TC_07" time="0.986"/>
  <testcase classname="com.saucedemo.test.Tests" name="TC_08" time="2.173"/>
  <testcase classname="com.saucedemo.test.Tests" name="TC_12" time="2.444"/>
  <testcase classname="com.saucedemo.test.Tests" name="TC_14" time="3.164"/>
  <testcase classname="com.saucedemo.test.Tests" name="TC_15" time="1.608"/>
</testsuite> <!-- Default test -->
