<?xml version="1.0" encoding="UTF-8"?>
<!-- Generated by org.testng.reporters.JUnitXMLReporter -->
<testsuite ignored="0" hostname="DESKTOP-MP7VO84" failures="0" tests="5" name="Automation test" time="10.868" errors="0" timestamp="2024-06-15T01:35:54 IST">
  <testcase classname="com.saucedemo.test.Tests" name="TC_07" time="1.049"/>
  <testcase classname="com.saucedemo.test.Tests" name="TC_08" time="2.227"/>
  <testcase classname="com.saucedemo.test.Tests" name="TC_12" time="2.576"/>
  <testcase classname="com.saucedemo.test.Tests" name="TC_14" time="3.239"/>
  <testcase classname="com.saucedemo.test.Tests" name="TC_15" time="1.674"/>
</testsuite> <!-- Automation test -->
