<?xml version="1.0" encoding="UTF-8"?>
<!-- Generated by org.testng.reporters.JUnitXMLReporter -->
<testsuite ignored="0" hostname="DESKTOP-MP7VO84" failures="0" tests="5" name="Automation test" time="10.751" errors="0" timestamp="2024-06-15T01:44:07 IST">
  <testcase classname="com.saucedemo.test.Tests" name="TC_07" time="1.105"/>
  <testcase classname="com.saucedemo.test.Tests" name="TC_08" time="2.215"/>
  <testcase classname="com.saucedemo.test.Tests" name="TC_12" time="2.52"/>
  <testcase classname="com.saucedemo.test.Tests" name="TC_14" time="3.184"/>
  <testcase classname="com.saucedemo.test.Tests" name="TC_15" time="1.627"/>
</testsuite> <!-- Automation test -->
