<?xml version="1.0" encoding="UTF-8"?>
<testng-results ignored="0" total="5" passed="5" failed="0" skipped="0">
  <reporter-output>
  </reporter-output>
  <suite started-at="2024-06-15T01:35:43 IST" name="Suite" finished-at="2024-06-15T01:35:54 IST" duration-ms="10868">
    <groups>
    </groups>
    <test started-at="2024-06-15T01:35:43 IST" name="Automation test" finished-at="2024-06-15T01:35:54 IST" duration-ms="10868">
      <class name="com.saucedemo.test.Tests">
        <test-method is-config="true" signature="setUp(java.lang.String)[pri:0, instance:com.saucedemo.test.Tests@3b0090a4]" started-at="2024-06-15T01:35:40 IST" name="setUp" finished-at="2024-06-15T01:35:43 IST" duration-ms="3327" status="PASS">
          <params>
            <param index="0">
              <value>
                <![CDATA[chrome]]>
              </value>
            </param>
          </params>
          <reporter-output>
          </reporter-output>
        </test-method> <!-- setUp -->
        <test-method is-config="true" signature="startTest(java.lang.reflect.Method)[pri:0, instance:com.saucedemo.test.Tests@3b0090a4]" started-at="2024-06-15T01:35:43 IST" name="startTest" finished-at="2024-06-15T01:35:43 IST" duration-ms="12" status="PASS">
          <params>
            <param index="0">
              <value>
                <![CDATA[public void com.saucedemo.test.Tests.TC_07()]]>
              </value>
            </param>
          </params>
          <reporter-output>
          </reporter-output>
        </test-method> <!-- startTest -->
        <test-method signature="TC_07()[pri:0, instance:com.saucedemo.test.Tests@3b0090a4]" started-at="2024-06-15T01:35:43 IST" name="TC_07" description="Verify that the user can add &amp; remove a product from the cart" finished-at="2024-06-15T01:35:44 IST" duration-ms="1049" status="PASS">
          <reporter-output>
          </reporter-output>
        </test-method> <!-- TC_07 -->
        <test-method is-config="true" signature="endTest(org.testng.ITestResult)[pri:0, instance:com.saucedemo.test.Tests@3b0090a4]" started-at="2024-06-15T01:35:44 IST" name="endTest" finished-at="2024-06-15T01:35:44 IST" duration-ms="5" status="PASS">
          <params>
            <param index="0">
              <value>
                <![CDATA[[TestResult name=TC_07 status=SUCCESS method=Tests.TC_07()[pri:0, instance:com.saucedemo.test.Tests@3b0090a4] output={null}]]]>
              </value>
            </param>
          </params>
          <reporter-output>
          </reporter-output>
        </test-method> <!-- endTest -->
        <test-method is-config="true" signature="startTest(java.lang.reflect.Method)[pri:0, instance:com.saucedemo.test.Tests@3b0090a4]" started-at="2024-06-15T01:35:44 IST" name="startTest" finished-at="2024-06-15T01:35:44 IST" duration-ms="0" status="PASS">
          <params>
            <param index="0">
              <value>
                <![CDATA[public void com.saucedemo.test.Tests.TC_08()]]>
              </value>
            </param>
          </params>
          <reporter-output>
          </reporter-output>
        </test-method> <!-- startTest -->
        <test-method signature="TC_08()[pri:0, instance:com.saucedemo.test.Tests@3b0090a4]" started-at="2024-06-15T01:35:44 IST" name="TC_08" description="Verify that the user can successfully complete the checkout process" finished-at="2024-06-15T01:35:46 IST" duration-ms="2227" status="PASS">
          <reporter-output>
          </reporter-output>
        </test-method> <!-- TC_08 -->
        <test-method is-config="true" signature="endTest(org.testng.ITestResult)[pri:0, instance:com.saucedemo.test.Tests@3b0090a4]" started-at="2024-06-15T01:35:46 IST" name="endTest" finished-at="2024-06-15T01:35:46 IST" duration-ms="1" status="PASS">
          <params>
            <param index="0">
              <value>
                <![CDATA[[TestResult name=TC_08 status=SUCCESS method=Tests.TC_08()[pri:0, instance:com.saucedemo.test.Tests@3b0090a4] output={null}]]]>
              </value>
            </param>
          </params>
          <reporter-output>
          </reporter-output>
        </test-method> <!-- endTest -->
        <test-method is-config="true" signature="startTest(java.lang.reflect.Method)[pri:0, instance:com.saucedemo.test.Tests@3b0090a4]" started-at="2024-06-15T01:35:46 IST" name="startTest" finished-at="2024-06-15T01:35:46 IST" duration-ms="1" status="PASS">
          <params>
            <param index="0">
              <value>
                <![CDATA[public void com.saucedemo.test.Tests.TC_12()]]>
              </value>
            </param>
          </params>
          <reporter-output>
          </reporter-output>
        </test-method> <!-- startTest -->
        <test-method signature="TC_12()[pri:0, instance:com.saucedemo.test.Tests@3b0090a4]" started-at="2024-06-15T01:35:46 IST" name="TC_12" description="Reset Cart State from CheckoutStep" finished-at="2024-06-15T01:35:49 IST" duration-ms="2576" status="PASS">
          <reporter-output>
          </reporter-output>
        </test-method> <!-- TC_12 -->
        <test-method is-config="true" signature="endTest(org.testng.ITestResult)[pri:0, instance:com.saucedemo.test.Tests@3b0090a4]" started-at="2024-06-15T01:35:49 IST" name="endTest" finished-at="2024-06-15T01:35:49 IST" duration-ms="1" status="PASS">
          <params>
            <param index="0">
              <value>
                <![CDATA[[TestResult name=TC_12 status=SUCCESS method=Tests.TC_12()[pri:0, instance:com.saucedemo.test.Tests@3b0090a4] output={null}]]]>
              </value>
            </param>
          </params>
          <reporter-output>
          </reporter-output>
        </test-method> <!-- endTest -->
        <test-method is-config="true" signature="startTest(java.lang.reflect.Method)[pri:0, instance:com.saucedemo.test.Tests@3b0090a4]" started-at="2024-06-15T01:35:49 IST" name="startTest" finished-at="2024-06-15T01:35:49 IST" duration-ms="1" status="PASS">
          <params>
            <param index="0">
              <value>
                <![CDATA[public void com.saucedemo.test.Tests.TC_14()]]>
              </value>
            </param>
          </params>
          <reporter-output>
          </reporter-output>
        </test-method> <!-- startTest -->
        <test-method signature="TC_14()[pri:0, instance:com.saucedemo.test.Tests@3b0090a4]" started-at="2024-06-15T01:35:49 IST" name="TC_14" description="should be able to add one item to cart, go to Cart page, logout, log back in and check it out successfully" finished-at="2024-06-15T01:35:52 IST" duration-ms="3239" status="PASS">
          <reporter-output>
          </reporter-output>
        </test-method> <!-- TC_14 -->
        <test-method is-config="true" signature="endTest(org.testng.ITestResult)[pri:0, instance:com.saucedemo.test.Tests@3b0090a4]" started-at="2024-06-15T01:35:52 IST" name="endTest" finished-at="2024-06-15T01:35:52 IST" duration-ms="0" status="PASS">
          <params>
            <param index="0">
              <value>
                <![CDATA[[TestResult name=TC_14 status=SUCCESS method=Tests.TC_14()[pri:0, instance:com.saucedemo.test.Tests@3b0090a4] output={null}]]]>
              </value>
            </param>
          </params>
          <reporter-output>
          </reporter-output>
        </test-method> <!-- endTest -->
        <test-method is-config="true" signature="startTest(java.lang.reflect.Method)[pri:0, instance:com.saucedemo.test.Tests@3b0090a4]" started-at="2024-06-15T01:35:52 IST" name="startTest" finished-at="2024-06-15T01:35:52 IST" duration-ms="1" status="PASS">
          <params>
            <param index="0">
              <value>
                <![CDATA[public void com.saucedemo.test.Tests.TC_15()]]>
              </value>
            </param>
          </params>
          <reporter-output>
          </reporter-output>
        </test-method> <!-- startTest -->
        <test-method signature="TC_15()[pri:0, instance:com.saucedemo.test.Tests@3b0090a4]" started-at="2024-06-15T01:35:52 IST" name="TC_15" description="Should error out when customer information is missing" finished-at="2024-06-15T01:35:54 IST" duration-ms="1674" status="PASS">
          <reporter-output>
          </reporter-output>
        </test-method> <!-- TC_15 -->
        <test-method is-config="true" signature="endTest(org.testng.ITestResult)[pri:0, instance:com.saucedemo.test.Tests@3b0090a4]" started-at="2024-06-15T01:35:54 IST" name="endTest" finished-at="2024-06-15T01:35:54 IST" duration-ms="1" status="PASS">
          <params>
            <param index="0">
              <value>
                <![CDATA[[TestResult name=TC_15 status=SUCCESS method=Tests.TC_15()[pri:0, instance:com.saucedemo.test.Tests@3b0090a4] output={null}]]]>
              </value>
            </param>
          </params>
          <reporter-output>
          </reporter-output>
        </test-method> <!-- endTest -->
        <test-method is-config="true" signature="tearDown()[pri:0, instance:com.saucedemo.test.Tests@3b0090a4]" started-at="2024-06-15T01:35:54 IST" name="tearDown" finished-at="2024-06-15T01:35:55 IST" duration-ms="951" status="PASS">
          <reporter-output>
          </reporter-output>
        </test-method> <!-- tearDown -->
      </class> <!-- com.saucedemo.test.Tests -->
    </test> <!-- Automation test -->
  </suite> <!-- Suite -->
</testng-results>
