<?xml version="1.0" encoding="UTF-8"?>
<testng-results ignored="0" total="1" passed="1" failed="0" skipped="0">
  <reporter-output>
  </reporter-output>
  <suite started-at="2024-06-14T17:37:07 IST" name="Default suite" finished-at="2024-06-14T17:37:07 IST" duration-ms="294">
    <groups>
    </groups>
    <test started-at="2024-06-14T17:37:07 IST" name="Default test" finished-at="2024-06-14T17:37:07 IST" duration-ms="294">
      <class name="com.saucedemo.test.LoginTest">
        <test-method is-config="true" signature="setUp(java.lang.String)[pri:0, instance:com.saucedemo.test.LoginTest@2415fc55]" started-at="2024-06-14T17:37:01 IST" name="setUp" finished-at="2024-06-14T17:37:07 IST" duration-ms="5204" status="PASS">
          <params>
            <param index="0">
              <value>
                <![CDATA[chrome]]>
              </value>
            </param>
          </params>
          <reporter-output>
          </reporter-output>
        </test-method> <!-- setUp -->
        <test-method is-config="true" signature="startTest(java.lang.reflect.Method)[pri:0, instance:com.saucedemo.test.LoginTest@2415fc55]" started-at="2024-06-14T17:37:07 IST" name="startTest" finished-at="2024-06-14T17:37:07 IST" duration-ms="8" status="PASS">
          <params>
            <param index="0">
              <value>
                <![CDATA[public void com.saucedemo.test.LoginTest.Login()]]>
              </value>
            </param>
          </params>
          <reporter-output>
          </reporter-output>
        </test-method> <!-- startTest -->
        <test-method signature="Login()[pri:0, instance:com.saucedemo.test.LoginTest@2415fc55]" started-at="2024-06-14T17:37:07 IST" name="Login" finished-at="2024-06-14T17:37:07 IST" duration-ms="252" status="PASS">
          <reporter-output>
          </reporter-output>
        </test-method> <!-- Login -->
        <test-method is-config="true" signature="endTest(org.testng.ITestResult)[pri:0, instance:com.saucedemo.test.LoginTest@2415fc55]" started-at="2024-06-14T17:37:07 IST" name="endTest" finished-at="2024-06-14T17:37:07 IST" duration-ms="3" status="PASS">
          <params>
            <param index="0">
              <value>
                <![CDATA[[TestResult name=Login status=SUCCESS method=LoginTest.Login()[pri:0, instance:com.saucedemo.test.LoginTest@2415fc55] output={null}]]]>
              </value>
            </param>
          </params>
          <reporter-output>
          </reporter-output>
        </test-method> <!-- endTest -->
        <test-method is-config="true" signature="tearDown()[pri:0, instance:com.saucedemo.test.LoginTest@2415fc55]" started-at="2024-06-14T17:37:07 IST" name="tearDown" finished-at="2024-06-14T17:37:07 IST" duration-ms="531" status="PASS">
          <reporter-output>
          </reporter-output>
        </test-method> <!-- tearDown -->
      </class> <!-- com.saucedemo.test.LoginTest -->
    </test> <!-- Default test -->
  </suite> <!-- Default suite -->
</testng-results>
